#
# There is insufficient memory for the Java Runtime Environment to continue.
# Native memory allocation (malloc) failed to allocate 65552 bytes for Chunk::new
# Possible reasons:
#   The system is out of physical RAM or swap space
#   The process is running with CompressedOops enabled, and the Java Heap may be blocking the growth of the native heap
# Possible solutions:
#   Reduce memory load on the system
#   Increase physical memory or swap space
#   Check if swap backing store is full
#   Decrease Java heap size (-Xmx/-Xms)
#   Decrease number of Java threads
#   Decrease Java thread stack sizes (-Xss)
#   Set larger code cache with -XX:ReservedCodeCacheSize=
#   JVM is running with Unscaled Compressed Oops mode in which the Java heap is
#     placed in the first 4GB address space. The Java Heap base address is the
#     maximum limit for the native heap growth. Please use -XX:HeapBaseMinAddress
#     to set the Java Heap base and to place the Java Heap above 4GB virtual address.
# This output file may be truncated or incomplete.
#
#  Out of Memory Error (arena.cpp:189), pid=19208, tid=9304
#
# JRE version: Java(TM) SE Runtime Environment (17.0.12+8) (build 17.0.12+8-LTS-286)
# Java VM: Java HotSpot(TM) 64-Bit Server VM (17.0.12+8-LTS-286, mixed mode, sharing, tiered, compressed oops, compressed class ptrs, g1 gc, windows-amd64)
# No core dump will be written. Minidumps are not enabled by default on client versions of Windows
#

---------------  S U M M A R Y ------------

Command Line: C:\Users\GOPIKA\AppData\Local\Temp\surefire12648634148451740771\surefirebooter3612947354144763451.jar C:\Users\GOPIKA\AppData\Local\Temp\surefire12648634148451740771 2025-02-19T23-21-06_842-jvmRun1 surefire822815229178382703tmp surefire_08847527351085723326tmp

Host: Intel(R) Core(TM) i3-5005U CPU @ 2.00GHz, 4 cores, 5G,  Windows 10 , 64 bit Build 19041 (10.0.19041.5438)
Time: Wed Feb 19 23:33:10 2025 India Standard Time elapsed time: 719.481697 seconds (0d 0h 11m 59s)

---------------  T H R E A D  ---------------

Current thread (0x000001a57387d800):  JavaThread "C2 CompilerThread0" daemon [_thread_in_native, id=9304, stack(0x00000068ea100000,0x00000068ea200000)]


Current CompileTask:
C2: 719640 5674       4       com.sun.org.apache.xerces.internal.impl.XMLNSDocumentScannerImpl::scanStartElement (1031 bytes)

Stack: [0x00000068ea100000,0x00000068ea200000]
Native frames: (J=compiled Java code, j=interpreted, Vv=VM code, C=native code)
V  [jvm.dll+0x67a04a]
V  [jvm.dll+0x7da4ed]
V  [jvm.dll+0x7dbe33]
V  [jvm.dll+0x7dc4a3]
V  [jvm.dll+0x24508f]
V  [jvm.dll+0xab773]
V  [jvm.dll+0xabd3c]
V  [jvm.dll+0xab884]
V  [jvm.dll+0x658e4c]
V  [jvm.dll+0x581add]
V  [jvm.dll+0x21f422]
V  [jvm.dll+0x21811b]
V  [jvm.dll+0x215b65]
V  [jvm.dll+0x1a2960]
V  [jvm.dll+0x22610b]
V  [jvm.dll+0x2242ab]
V  [jvm.dll+0x79075c]
V  [jvm.dll+0x78abea]
V  [jvm.dll+0x678f35]
C  [ucrtbase.dll+0x21bb2]
C  [KERNEL32.DLL+0x17374]
C  [ntdll.dll+0x4cc91]


---------------  P R O C E S S  ---------------

Threads class SMR info:
_java_thread_list=0x000001a578ec9ae0, length=85, elements={
0x000001a5572d4a30, 0x000001a573859f20, 0x000001a57385d260, 0x000001a5738722d0,
0x000001a573872ba0, 0x000001a573873c10, 0x000001a573874c80, 0x000001a57387d800,
0x000001a57389dd30, 0x000001a5738a95c0, 0x000001a573ad62f0, 0x000001a573ad9610,
0x000001a573b11810, 0x000001a578edbda0, 0x000001a578ed9520, 0x000001a578ed9010,
0x000001a578edc2b0, 0x000001a578eda450, 0x000001a57873fe20, 0x000001a578740840,
0x000001a57873e9e0, 0x000001a57873f400, 0x000001a573be0f00, 0x000001a573bddc60,
0x000001a573bda9c0, 0x000001a573bdf5b0, 0x000001a573bdc310, 0x000001a573be1410,
0x000001a573bde680, 0x000001a573bdbe00, 0x000001a573bda4b0, 0x000001a57873e4d0,
0x000001a57873dfc0, 0x000001a573bdb3e0, 0x000001a573bd9fa0, 0x000001a573bdcd30,
0x000001a573bdffd0, 0x000001a578ed9a30, 0x000001a578edae70, 0x000001a57873f910,
0x000001a573bfe000, 0x000001a573c04f60, 0x000001a573bff440, 0x000001a573c017b0,
0x000001a573c01cc0, 0x000001a573c026e0, 0x000001a573c02bf0, 0x000001a573c03100,
0x000001a573c00370, 0x000001a573bffe60, 0x000001a573c05470, 0x000001a573c04540,
0x000001a573bff950, 0x000001a573bdf0a0, 0x000001a573bdaed0, 0x000001a573be09f0,
0x000001a57873d090, 0x000001a57873d5a0, 0x000001a57873eef0, 0x000001a57873dab0,
0x000001a573c04a50, 0x000001a5785cfd10, 0x000001a5785cd9a0, 0x000001a5785cb630,
0x000001a5785cbb40, 0x000001a5785ca700, 0x000001a5785d0c40, 0x000001a5785ce8d0,
0x000001a5785ccf80, 0x000001a5785d0730, 0x000001a5785d2080, 0x000001a5785cc050,
0x000001a5785d1150, 0x000001a5785cc560, 0x000001a5785cca70, 0x000001a5785cf800,
0x000001a5785cd490, 0x000001a5785d1b70, 0x000001a5785cdeb0, 0x000001a5785d1660,
0x000001a5785cac10, 0x000001a5785ce3c0, 0x000001a5785d0220, 0x000001a573c00880,
0x000001a573bfef30
}

Java Threads: ( => current thread )
  0x000001a5572d4a30 JavaThread "Forwarding sendKeysToElement on session b228801994e616c554c1e258139e0b91 to remote" [_thread_blocked, id=27472, stack(0x00000068e9400000,0x00000068e9500000)]
  0x000001a573859f20 JavaThread "Reference Handler" daemon [_thread_blocked, id=24664, stack(0x00000068e9b00000,0x00000068e9c00000)]
  0x000001a57385d260 JavaThread "Finalizer" daemon [_thread_blocked, id=22160, stack(0x00000068e9c00000,0x00000068e9d00000)]
  0x000001a5738722d0 JavaThread "Signal Dispatcher" daemon [_thread_blocked, id=12016, stack(0x00000068e9d00000,0x00000068e9e00000)]
  0x000001a573872ba0 JavaThread "Attach Listener" daemon [_thread_blocked, id=26812, stack(0x00000068e9e00000,0x00000068e9f00000)]
  0x000001a573873c10 JavaThread "Service Thread" daemon [_thread_blocked, id=27512, stack(0x00000068e9f00000,0x00000068ea000000)]
  0x000001a573874c80 JavaThread "Monitor Deflation Thread" daemon [_thread_blocked, id=20308, stack(0x00000068ea000000,0x00000068ea100000)]
=>0x000001a57387d800 JavaThread "C2 CompilerThread0" daemon [_thread_in_native, id=9304, stack(0x00000068ea100000,0x00000068ea200000)]
  0x000001a57389dd30 JavaThread "C1 CompilerThread0" daemon [_thread_blocked, id=19764, stack(0x00000068ea200000,0x00000068ea300000)]
  0x000001a5738a95c0 JavaThread "Sweeper thread" daemon [_thread_blocked, id=10900, stack(0x00000068ea300000,0x00000068ea400000)]
  0x000001a573ad62f0 JavaThread "Notification Thread" daemon [_thread_blocked, id=7904, stack(0x00000068ea400000,0x00000068ea500000)]
  0x000001a573ad9610 JavaThread "Common-Cleaner" daemon [_thread_blocked, id=24936, stack(0x00000068ea600000,0x00000068ea700000)]
  0x000001a573b11810 JavaThread "surefire-forkedjvm-command-thread" daemon [_thread_in_native, id=23296, stack(0x00000068ea700000,0x00000068ea800000)]
  0x000001a578edbda0 JavaThread "HttpClient-1-SelectorManager" daemon [_thread_in_native, id=21472, stack(0x00000068eb000000,0x00000068eb100000)]
  0x000001a578ed9520 JavaThread "External Process Output Forwarder - C:\Users\GOPIKA\.cache\selenium\chromedriver\win64\132.0.6834.159\chromedriver.exe" daemon [_thread_in_native, id=27568, stack(0x00000068eb100000,0x00000068eb200000)]
  0x000001a578ed9010 JavaThread "Driver Service Executor" daemon [_thread_blocked, id=1996, stack(0x00000068eb200000,0x00000068eb300000)]
  0x000001a578edc2b0 JavaThread "Driver Service Executor" daemon [_thread_blocked, id=15960, stack(0x00000068eb300000,0x00000068eb400000)]
  0x000001a578eda450 JavaThread "CompletableFutureDelayScheduler" daemon [_thread_blocked, id=27084, stack(0x00000068eb700000,0x00000068eb800000)]
  0x000001a57873fe20 JavaThread "HttpClient-2-SelectorManager" daemon [_thread_in_native, id=27240, stack(0x00000068ea800000,0x00000068ea900000)]
  0x000001a578740840 JavaThread "External Process Output Forwarder - C:\Users\GOPIKA\.cache\selenium\chromedriver\win64\132.0.6834.159\chromedriver.exe" daemon [_thread_in_native, id=25836, stack(0x00000068ec200000,0x00000068ec300000)]
  0x000001a57873e9e0 JavaThread "Driver Service Executor" daemon [_thread_blocked, id=23912, stack(0x00000068ec300000,0x00000068ec400000)]
  0x000001a57873f400 JavaThread "Driver Service Executor" daemon [_thread_blocked, id=10464, stack(0x00000068ec400000,0x00000068ec500000)]
  0x000001a573be0f00 JavaThread "HttpClient-4-SelectorManager" daemon [_thread_in_native, id=26620, stack(0x00000068e9100000,0x00000068e9200000)]
  0x000001a573bddc60 JavaThread "HttpClient-5-SelectorManager" daemon [_thread_in_native, id=12344, stack(0x00000068eb600000,0x00000068eb700000)]
  0x000001a573bda9c0 JavaThread "External Process Output Forwarder - C:\Users\GOPIKA\.cache\selenium\chromedriver\win64\132.0.6834.159\chromedriver.exe" daemon [_thread_in_native, id=26140, stack(0x00000068eb800000,0x00000068eb900000)]
  0x000001a573bdf5b0 JavaThread "Driver Service Executor" daemon [_thread_blocked, id=27432, stack(0x00000068eb900000,0x00000068eba00000)]
  0x000001a573bdc310 JavaThread "Driver Service Executor" daemon [_thread_blocked, id=27492, stack(0x00000068eba00000,0x00000068ebb00000)]
  0x000001a573be1410 JavaThread "HttpClient-6-SelectorManager" daemon [_thread_in_native, id=28032, stack(0x00000068ebb00000,0x00000068ebc00000)]
  0x000001a573bde680 JavaThread "External Process Output Forwarder - C:\Users\GOPIKA\.cache\selenium\chromedriver\win64\132.0.6834.159\chromedriver.exe" daemon [_thread_in_native, id=26940, stack(0x00000068e9300000,0x00000068e9400000)]
  0x000001a573bdbe00 JavaThread "Driver Service Executor" daemon [_thread_blocked, id=11696, stack(0x00000068eae00000,0x00000068eaf00000)]
  0x000001a573bda4b0 JavaThread "Driver Service Executor" daemon [_thread_blocked, id=26616, stack(0x00000068ebf00000,0x00000068ec000000)]
  0x000001a57873e4d0 JavaThread "HttpClient-8-SelectorManager" daemon [_thread_in_native, id=27736, stack(0x00000068eaf00000,0x00000068eb000000)]
  0x000001a57873dfc0 JavaThread "External Process Output Forwarder - C:\Users\GOPIKA\.cache\selenium\chromedriver\win64\132.0.6834.159\chromedriver.exe" daemon [_thread_in_native, id=19460, stack(0x00000068ebc00000,0x00000068ebd00000)]
  0x000001a573bdb3e0 JavaThread "Driver Service Executor" daemon [_thread_blocked, id=23376, stack(0x00000068ebd00000,0x00000068ebe00000)]
  0x000001a573bd9fa0 JavaThread "Driver Service Executor" daemon [_thread_blocked, id=21408, stack(0x00000068ebe00000,0x00000068ebf00000)]
  0x000001a573bdcd30 JavaThread "HttpClient-10-SelectorManager" daemon [_thread_in_native, id=28664, stack(0x00000068ec500000,0x00000068ec600000)]
  0x000001a573bdffd0 JavaThread "External Process Output Forwarder - C:\Users\GOPIKA\.cache\selenium\chromedriver\win64\132.0.6834.159\chromedriver.exe" daemon [_thread_in_native, id=29136, stack(0x00000068ecd00000,0x00000068ece00000)]
  0x000001a578ed9a30 JavaThread "Driver Service Executor" daemon [_thread_blocked, id=28988, stack(0x00000068ece00000,0x00000068ecf00000)]
  0x000001a578edae70 JavaThread "Driver Service Executor" daemon [_thread_blocked, id=23824, stack(0x00000068ecf00000,0x00000068ed000000)]
  0x000001a57873f910 JavaThread "HttpClient-12-SelectorManager" daemon [_thread_in_native, id=29628, stack(0x00000068ed100000,0x00000068ed200000)]
  0x000001a573bfe000 JavaThread "HttpClient-13-SelectorManager" daemon [_thread_in_native, id=30512, stack(0x00000068ec600000,0x00000068ec700000)]
  0x000001a573c04f60 JavaThread "External Process Output Forwarder - C:\Users\GOPIKA\.cache\selenium\chromedriver\win64\132.0.6834.159\chromedriver.exe" daemon [_thread_in_native, id=30524, stack(0x00000068ec700000,0x00000068ec800000)]
  0x000001a573bff440 JavaThread "Driver Service Executor" daemon [_thread_blocked, id=30528, stack(0x00000068ec900000,0x00000068eca00000)]
  0x000001a573c017b0 JavaThread "Driver Service Executor" daemon [_thread_blocked, id=30532, stack(0x00000068ed800000,0x00000068ed900000)]
  0x000001a573c01cc0 JavaThread "HttpClient-14-SelectorManager" daemon [_thread_in_native, id=29860, stack(0x00000068ead00000,0x00000068eae00000)]
  0x000001a573c026e0 JavaThread "HttpClient-15-SelectorManager" daemon [_thread_in_native, id=17652, stack(0x00000068ec000000,0x00000068ec100000)]
  0x000001a573c02bf0 JavaThread "External Process Output Forwarder - C:\Users\GOPIKA\.cache\selenium\chromedriver\win64\132.0.6834.159\chromedriver.exe" daemon [_thread_in_native, id=27532, stack(0x00000068ec100000,0x00000068ec200000)]
  0x000001a573c03100 JavaThread "Driver Service Executor" daemon [_thread_blocked, id=9776, stack(0x00000068ec800000,0x00000068ec900000)]
  0x000001a573c00370 JavaThread "Driver Service Executor" daemon [_thread_blocked, id=672, stack(0x00000068eca00000,0x00000068ecb00000)]
  0x000001a573bffe60 JavaThread "UrlChecker-5" daemon [_thread_blocked, id=14092, stack(0x00000068ecb00000,0x00000068ecc00000)]
  0x000001a573c05470 JavaThread "ForkJoinPool.commonPool-worker-5" daemon [_thread_blocked, id=30724, stack(0x00000068ed000000,0x00000068ed100000)]
  0x000001a573c04540 JavaThread "HttpClient-16-SelectorManager" daemon [_thread_in_native, id=30820, stack(0x00000068ed600000,0x00000068ed700000)]
  0x000001a573bff950 JavaThread "External Process Output Forwarder - C:\Users\GOPIKA\.cache\selenium\chromedriver\win64\132.0.6834.159\chromedriver.exe" daemon [_thread_in_native, id=17636, stack(0x00000068eb400000,0x00000068eb500000)]
  0x000001a573bdf0a0 JavaThread "Driver Service Executor" daemon [_thread_blocked, id=28548, stack(0x00000068ecc00000,0x00000068ecd00000)]
  0x000001a573bdaed0 JavaThread "Driver Service Executor" daemon [_thread_blocked, id=13692, stack(0x00000068edf00000,0x00000068ee000000)]
  0x000001a573be09f0 JavaThread "HttpClient-18-SelectorManager" daemon [_thread_in_native, id=18512, stack(0x00000068ee000000,0x00000068ee100000)]
  0x000001a57873d090 JavaThread "HttpClient-19-SelectorManager" daemon [_thread_in_native, id=5136, stack(0x00000068ed300000,0x00000068ed400000)]
  0x000001a57873d5a0 JavaThread "External Process Output Forwarder - C:\Users\GOPIKA\.cache\selenium\chromedriver\win64\132.0.6834.159\chromedriver.exe" daemon [_thread_in_native, id=28652, stack(0x00000068eda00000,0x00000068edb00000)]
  0x000001a57873eef0 JavaThread "Driver Service Executor" daemon [_thread_blocked, id=25992, stack(0x00000068edb00000,0x00000068edc00000)]
  0x000001a57873dab0 JavaThread "Driver Service Executor" daemon [_thread_blocked, id=21800, stack(0x00000068edc00000,0x00000068edd00000)]
  0x000001a573c04a50 JavaThread "HttpClient-20-SelectorManager" daemon [_thread_in_native, id=31868, stack(0x00000068ee700000,0x00000068ee800000)]
  0x000001a5785cfd10 JavaThread "HttpClient-21-SelectorManager" daemon [_thread_in_native, id=30884, stack(0x00000068ed200000,0x00000068ed300000)]
  0x000001a5785cd9a0 JavaThread "External Process Output Forwarder - C:\Users\GOPIKA\.cache\selenium\chromedriver\win64\132.0.6834.159\chromedriver.exe" daemon [_thread_in_native, id=8148, stack(0x00000068ed400000,0x00000068ed500000)]
  0x000001a5785cb630 JavaThread "Driver Service Executor" daemon [_thread_blocked, id=12228, stack(0x00000068ed500000,0x00000068ed600000)]
  0x000001a5785cbb40 JavaThread "Driver Service Executor" daemon [_thread_blocked, id=29044, stack(0x00000068ed700000,0x00000068ed800000)]
  0x000001a5785ca700 JavaThread "HttpClient-22-SelectorManager" daemon [_thread_in_native, id=31204, stack(0x00000068ed900000,0x00000068eda00000)]
  0x000001a5785d0c40 JavaThread "HttpClient-23-SelectorManager" daemon [_thread_in_native, id=28424, stack(0x00000068e9200000,0x00000068e9300000)]
  0x000001a5785ce8d0 JavaThread "External Process Output Forwarder - C:\Users\GOPIKA\.cache\selenium\chromedriver\win64\132.0.6834.159\chromedriver.exe" daemon [_thread_in_native, id=20188, stack(0x00000068ee600000,0x00000068ee700000)]
  0x000001a5785ccf80 JavaThread "Driver Service Executor" daemon [_thread_blocked, id=30832, stack(0x00000068eeb00000,0x00000068eec00000)]
  0x000001a5785d0730 JavaThread "Driver Service Executor" daemon [_thread_blocked, id=30828, stack(0x00000068eec00000,0x00000068eed00000)]
  0x000001a5785d2080 JavaThread "JdkHttpClient-22-0" daemon [_thread_blocked, id=30816, stack(0x00000068eee00000,0x00000068eef00000)]
  0x000001a5785cc050 JavaThread "JdkHttpClient-22-1" daemon [_thread_blocked, id=31340, stack(0x00000068eef00000,0x00000068ef000000)]
  0x000001a5785d1150 JavaThread "JdkHttpClient-22-2" daemon [_thread_blocked, id=9916, stack(0x00000068ef000000,0x00000068ef100000)]
  0x000001a5785cc560 JavaThread "HttpClient-24-SelectorManager" daemon [_thread_in_native, id=32980, stack(0x00000068eed00000,0x00000068eee00000)]
  0x000001a5785cca70 JavaThread "HttpClient-25-SelectorManager" daemon [_thread_in_native, id=32076, stack(0x00000068edd00000,0x00000068ede00000)]
  0x000001a5785cf800 JavaThread "External Process Output Forwarder - C:\Users\GOPIKA\.cache\selenium\chromedriver\win64\132.0.6834.159\chromedriver.exe" daemon [_thread_in_native, id=17780, stack(0x00000068ede00000,0x00000068edf00000)]
  0x000001a5785cd490 JavaThread "Driver Service Executor" daemon [_thread_blocked, id=5612, stack(0x00000068ee100000,0x00000068ee200000)]
  0x000001a5785d1b70 JavaThread "Driver Service Executor" daemon [_thread_blocked, id=30444, stack(0x00000068ee200000,0x00000068ee300000)]
  0x000001a5785cdeb0 JavaThread "JdkHttpClient-24-0" daemon [_thread_blocked, id=30568, stack(0x00000068ee400000,0x00000068ee500000)]
  0x000001a5785d1660 JavaThread "JdkHttpClient-24-1" daemon [_thread_blocked, id=33632, stack(0x00000068ee500000,0x00000068ee600000)]
  0x000001a5785cac10 JavaThread "JdkHttpClient-24-2" daemon [_thread_blocked, id=33624, stack(0x00000068ee800000,0x00000068ee900000)]
  0x000001a5785ce3c0 JavaThread "HttpClient-26-SelectorManager" daemon [_thread_in_native, id=30672, stack(0x00000068ee300000,0x00000068ee400000)]
  0x000001a5785d0220 JavaThread "JdkHttpClient-25-0" daemon [_thread_blocked, id=33700, stack(0x00000068ee900000,0x00000068eea00000)]
  0x000001a573c00880 JavaThread "JdkHttpClient-25-1" daemon [_thread_blocked, id=32548, stack(0x00000068eea00000,0x00000068eeb00000)]
  0x000001a573bfef30 JavaThread "JdkHttpClient-25-2" daemon [_thread_blocked, id=31812, stack(0x00000068ef400000,0x00000068ef500000)]

Other Threads:
  0x000001a573853d50 VMThread "VM Thread" [stack: 0x00000068e9a00000,0x00000068e9b00000] [id=4868]
  0x000001a557337880 WatcherThread [stack: 0x00000068ea500000,0x00000068ea600000] [id=27112]
  0x000001a557320140 GCTaskThread "GC Thread#0" [stack: 0x00000068e9500000,0x00000068e9600000] [id=10672]
  0x000001a5786fb330 GCTaskThread "GC Thread#1" [stack: 0x00000068ea900000,0x00000068eaa00000] [id=25208]
  0x000001a5786c50f0 GCTaskThread "GC Thread#2" [stack: 0x00000068eaa00000,0x00000068eab00000] [id=17108]
  0x000001a5786c53b0 GCTaskThread "GC Thread#3" [stack: 0x00000068eab00000,0x00000068eac00000] [id=19172]
  0x000001a55732ec40 ConcurrentGCThread "G1 Main Marker" [stack: 0x00000068e9600000,0x00000068e9700000] [id=25128]
  0x000001a557330c10 ConcurrentGCThread "G1 Conc#0" [stack: 0x00000068e9700000,0x00000068e9800000] [id=17712]
  0x000001a5573957f0 ConcurrentGCThread "G1 Refine#0" [stack: 0x00000068e9800000,0x00000068e9900000] [id=25664]
  0x000001a573ca7f60 ConcurrentGCThread "G1 Refine#1" [stack: 0x00000068eac00000,0x00000068ead00000] [id=24796]
  0x000001a557396030 ConcurrentGCThread "G1 Service" [stack: 0x00000068e9900000,0x00000068e9a00000] [id=27328]

Threads with active compile tasks:
C2 CompilerThread0   723355 5674       4       com.sun.org.apache.xerces.internal.impl.XMLNSDocumentScannerImpl::scanStartElement (1031 bytes)

VM state: not at safepoint (normal execution)

VM Mutex/Monitor currently owned by a thread: None

Heap address: 0x00000000a1400000, size: 1516 MB, Compressed Oops mode: 32-bit

CDS archive(s) mapped at: [0x000001a500000000-0x000001a500bd0000-0x000001a500bd0000), size 12386304, SharedBaseAddress: 0x000001a500000000, ArchiveRelocationMode: 1.
Compressed class space mapped at: 0x000001a501000000-0x000001a541000000, reserved size: 1073741824
Narrow klass base: 0x000001a500000000, Narrow klass shift: 0, Narrow klass range: 0x100000000

GC Precious Log:
 CPUs: 4 total, 4 available
 Memory: 6059M
 Large Page Support: Disabled
 NUMA Support: Disabled
 Compressed Oops: Enabled (32-bit)
 Heap Region Size: 1M
 Heap Min Capacity: 8M
 Heap Initial Capacity: 96M
 Heap Max Capacity: 1516M
 Pre-touch: Disabled
 Parallel Workers: 4
 Concurrent Workers: 1
 Concurrent Refinement Workers: 4
 Periodic GC: Disabled

Heap:
 garbage-first heap   total 61440K, used 28215K [0x00000000a1400000, 0x0000000100000000)
  region size 1024K, 15 young (15360K), 3 survivors (3072K)
 Metaspace       used 29969K, committed 30336K, reserved 1114112K
  class space    used 3515K, committed 3712K, reserved 1048576K

Heap Regions: E=young(eden), S=young(survivor), O=old, HS=humongous(starts), HC=humongous(continues), CS=collection set, F=free, OA=open archive, CA=closed archive, TAMS=top-at-mark-start (previous, next)
|   0|0x00000000a1400000, 0x00000000a1500000, 0x00000000a1500000|100%|HS|  |TAMS 0x00000000a1500000, 0x00000000a1400000| Complete 
|   1|0x00000000a1500000, 0x00000000a1600000, 0x00000000a1600000|100%| O|  |TAMS 0x00000000a1600000, 0x00000000a1500000| Untracked 
|   2|0x00000000a1600000, 0x00000000a1700000, 0x00000000a1700000|100%| O|  |TAMS 0x00000000a1700000, 0x00000000a1600000| Untracked 
|   3|0x00000000a1700000, 0x00000000a1800000, 0x00000000a1800000|100%| O|  |TAMS 0x00000000a1800000, 0x00000000a1700000| Untracked 
|   4|0x00000000a1800000, 0x00000000a1900000, 0x00000000a1900000|100%| O|  |TAMS 0x00000000a1900000, 0x00000000a1800000| Untracked 
|   5|0x00000000a1900000, 0x00000000a1a00000, 0x00000000a1a00000|100%| O|  |TAMS 0x00000000a1a00000, 0x00000000a1900000| Untracked 
|   6|0x00000000a1a00000, 0x00000000a1b00000, 0x00000000a1b00000|100%| O|  |TAMS 0x00000000a1b00000, 0x00000000a1a00000| Untracked 
|   7|0x00000000a1b00000, 0x00000000a1b41e00, 0x00000000a1c00000| 25%| O|  |TAMS 0x00000000a1b41e00, 0x00000000a1b00000| Untracked 
|   8|0x00000000a1c00000, 0x00000000a1d00000, 0x00000000a1d00000|100%| O|  |TAMS 0x00000000a1c00000, 0x00000000a1c00000| Untracked 
|   9|0x00000000a1d00000, 0x00000000a1e00000, 0x00000000a1e00000|100%| O|  |TAMS 0x00000000a1d00000, 0x00000000a1d00000| Untracked 
|  10|0x00000000a1e00000, 0x00000000a1f00000, 0x00000000a1f00000|100%| O|  |TAMS 0x00000000a1e00000, 0x00000000a1e00000| Untracked 
|  11|0x00000000a1f00000, 0x00000000a2000000, 0x00000000a2000000|100%| O|  |TAMS 0x00000000a1f00000, 0x00000000a1f00000| Untracked 
|  12|0x00000000a2000000, 0x00000000a2100000, 0x00000000a2100000|100%| O|  |TAMS 0x00000000a2000000, 0x00000000a2000000| Untracked 
|  13|0x00000000a2100000, 0x00000000a2200000, 0x00000000a2200000|100%| O|  |TAMS 0x00000000a2100000, 0x00000000a2100000| Untracked 
|  14|0x00000000a2200000, 0x00000000a2300000, 0x00000000a2300000|100%| O|  |TAMS 0x00000000a2200000, 0x00000000a2200000| Untracked 
|  15|0x00000000a2300000, 0x00000000a23bbe00, 0x00000000a2400000| 73%| O|  |TAMS 0x00000000a2300000, 0x00000000a2300000| Untracked 
|  16|0x00000000a2400000, 0x00000000a2400000, 0x00000000a2500000|  0%| F|  |TAMS 0x00000000a2400000, 0x00000000a2400000| Untracked 
|  17|0x00000000a2500000, 0x00000000a2500000, 0x00000000a2600000|  0%| F|  |TAMS 0x00000000a2500000, 0x00000000a2500000| Untracked 
|  18|0x00000000a2600000, 0x00000000a2600000, 0x00000000a2700000|  0%| F|  |TAMS 0x00000000a2600000, 0x00000000a2600000| Untracked 
|  19|0x00000000a2700000, 0x00000000a2700000, 0x00000000a2800000|  0%| F|  |TAMS 0x00000000a2700000, 0x00000000a2700000| Untracked 
|  20|0x00000000a2800000, 0x00000000a2800000, 0x00000000a2900000|  0%| F|  |TAMS 0x00000000a2800000, 0x00000000a2800000| Untracked 
|  21|0x00000000a2900000, 0x00000000a2900000, 0x00000000a2a00000|  0%| F|  |TAMS 0x00000000a2900000, 0x00000000a2900000| Untracked 
|  22|0x00000000a2a00000, 0x00000000a2a00000, 0x00000000a2b00000|  0%| F|  |TAMS 0x00000000a2a00000, 0x00000000a2a00000| Untracked 
|  23|0x00000000a2b00000, 0x00000000a2b00000, 0x00000000a2c00000|  0%| F|  |TAMS 0x00000000a2b00000, 0x00000000a2b00000| Untracked 
|  24|0x00000000a2c00000, 0x00000000a2c00000, 0x00000000a2d00000|  0%| F|  |TAMS 0x00000000a2c00000, 0x00000000a2c00000| Untracked 
|  25|0x00000000a2d00000, 0x00000000a2d00000, 0x00000000a2e00000|  0%| F|  |TAMS 0x00000000a2d00000, 0x00000000a2d00000| Untracked 
|  26|0x00000000a2e00000, 0x00000000a2e903a8, 0x00000000a2f00000| 56%| S|CS|TAMS 0x00000000a2e00000, 0x00000000a2e00000| Complete 
|  27|0x00000000a2f00000, 0x00000000a3000000, 0x00000000a3000000|100%| S|CS|TAMS 0x00000000a2f00000, 0x00000000a2f00000| Complete 
|  28|0x00000000a3000000, 0x00000000a3000000, 0x00000000a3100000|  0%| F|  |TAMS 0x00000000a3000000, 0x00000000a3000000| Untracked 
|  29|0x00000000a3100000, 0x00000000a3100000, 0x00000000a3200000|  0%| F|  |TAMS 0x00000000a3100000, 0x00000000a3100000| Untracked 
|  30|0x00000000a3200000, 0x00000000a3300000, 0x00000000a3300000|100%| S|CS|TAMS 0x00000000a3200000, 0x00000000a3200000| Complete 
|  31|0x00000000a3300000, 0x00000000a3300000, 0x00000000a3400000|  0%| F|  |TAMS 0x00000000a3300000, 0x00000000a3300000| Untracked 
|  32|0x00000000a3400000, 0x00000000a3400000, 0x00000000a3500000|  0%| F|  |TAMS 0x00000000a3400000, 0x00000000a3400000| Untracked 
|  33|0x00000000a3500000, 0x00000000a3500000, 0x00000000a3600000|  0%| F|  |TAMS 0x00000000a3500000, 0x00000000a3500000| Untracked 
|  34|0x00000000a3600000, 0x00000000a3600000, 0x00000000a3700000|  0%| F|  |TAMS 0x00000000a3600000, 0x00000000a3600000| Untracked 
|  35|0x00000000a3700000, 0x00000000a3700000, 0x00000000a3800000|  0%| F|  |TAMS 0x00000000a3700000, 0x00000000a3700000| Untracked 
|  36|0x00000000a3800000, 0x00000000a3800000, 0x00000000a3900000|  0%| F|  |TAMS 0x00000000a3800000, 0x00000000a3800000| Untracked 
|  37|0x00000000a3900000, 0x00000000a3900000, 0x00000000a3a00000|  0%| F|  |TAMS 0x00000000a3900000, 0x00000000a3900000| Untracked 
|  38|0x00000000a3a00000, 0x00000000a3a00000, 0x00000000a3b00000|  0%| F|  |TAMS 0x00000000a3a00000, 0x00000000a3a00000| Untracked 
|  39|0x00000000a3b00000, 0x00000000a3b00000, 0x00000000a3c00000|  0%| F|  |TAMS 0x00000000a3b00000, 0x00000000a3b00000| Untracked 
|  40|0x00000000a3c00000, 0x00000000a3c00000, 0x00000000a3d00000|  0%| F|  |TAMS 0x00000000a3c00000, 0x00000000a3c00000| Untracked 
|  41|0x00000000a3d00000, 0x00000000a3d00000, 0x00000000a3e00000|  0%| F|  |TAMS 0x00000000a3d00000, 0x00000000a3d00000| Untracked 
|  42|0x00000000a3e00000, 0x00000000a3e00000, 0x00000000a3f00000|  0%| F|  |TAMS 0x00000000a3e00000, 0x00000000a3e00000| Untracked 
|  43|0x00000000a3f00000, 0x00000000a3f00000, 0x00000000a4000000|  0%| F|  |TAMS 0x00000000a3f00000, 0x00000000a3f00000| Untracked 
|  44|0x00000000a4000000, 0x00000000a4000000, 0x00000000a4100000|  0%| F|  |TAMS 0x00000000a4000000, 0x00000000a4000000| Untracked 
|  45|0x00000000a4100000, 0x00000000a4100000, 0x00000000a4200000|  0%| F|  |TAMS 0x00000000a4100000, 0x00000000a4100000| Untracked 
|  46|0x00000000a4200000, 0x00000000a4200000, 0x00000000a4300000|  0%| F|  |TAMS 0x00000000a4200000, 0x00000000a4200000| Untracked 
|  47|0x00000000a4300000, 0x00000000a4300000, 0x00000000a4400000|  0%| F|  |TAMS 0x00000000a4300000, 0x00000000a4300000| Untracked 
|  48|0x00000000a4400000, 0x00000000a44fe5c8, 0x00000000a4500000| 99%| E|  |TAMS 0x00000000a4400000, 0x00000000a4400000| Complete 
|  49|0x00000000a4500000, 0x00000000a4600000, 0x00000000a4600000|100%| E|CS|TAMS 0x00000000a4500000, 0x00000000a4500000| Complete 
|  50|0x00000000a4600000, 0x00000000a4700000, 0x00000000a4700000|100%| E|CS|TAMS 0x00000000a4600000, 0x00000000a4600000| Complete 
|  51|0x00000000a4700000, 0x00000000a4800000, 0x00000000a4800000|100%| E|CS|TAMS 0x00000000a4700000, 0x00000000a4700000| Complete 
|  52|0x00000000a4800000, 0x00000000a4900000, 0x00000000a4900000|100%| E|CS|TAMS 0x00000000a4800000, 0x00000000a4800000| Complete 
|  54|0x00000000a4a00000, 0x00000000a4b00000, 0x00000000a4b00000|100%| E|CS|TAMS 0x00000000a4a00000, 0x00000000a4a00000| Complete 
|  55|0x00000000a4b00000, 0x00000000a4c00000, 0x00000000a4c00000|100%| E|  |TAMS 0x00000000a4b00000, 0x00000000a4b00000| Complete 
|  56|0x00000000a4c00000, 0x00000000a4d00000, 0x00000000a4d00000|100%| E|CS|TAMS 0x00000000a4c00000, 0x00000000a4c00000| Complete 
|  57|0x00000000a4d00000, 0x00000000a4e00000, 0x00000000a4e00000|100%| E|CS|TAMS 0x00000000a4d00000, 0x00000000a4d00000| Complete 
|  58|0x00000000a4e00000, 0x00000000a4f00000, 0x00000000a4f00000|100%| E|CS|TAMS 0x00000000a4e00000, 0x00000000a4e00000| Complete 
|  59|0x00000000a4f00000, 0x00000000a5000000, 0x00000000a5000000|100%| E|CS|TAMS 0x00000000a4f00000, 0x00000000a4f00000| Complete 
|  95|0x00000000a7300000, 0x00000000a7400000, 0x00000000a7400000|100%| E|CS|TAMS 0x00000000a7300000, 0x00000000a7300000| Complete 

Card table byte_map: [0x000001a56dea0000,0x000001a56e1a0000] _byte_map_base: 0x000001a56d996000

Marking Bits (Prev, Next): (CMBitMap*) 0x000001a5573215c0, (CMBitMap*) 0x000001a557321580
 Prev Bits: [0x000001a56fc50000, 0x000001a571400000)
 Next Bits: [0x000001a56e4a0000, 0x000001a56fc50000)

Polling page: 0x000001a5551c0000

Metaspace:

Usage:
  Non-class:     25.83 MB used.
      Class:      3.43 MB used.
       Both:     29.27 MB used.

Virtual space:
  Non-class space:       64.00 MB reserved,      26.00 MB ( 41%) committed,  1 nodes.
      Class space:        1.00 GB reserved,       3.62 MB ( <1%) committed,  1 nodes.
             Both:        1.06 GB reserved,      29.62 MB (  3%) committed. 

Chunk freelists:
   Non-Class:  6.01 MB
       Class:  12.33 MB
        Both:  18.34 MB

MaxMetaspaceSize: unlimited
CompressedClassSpaceSize: 1.00 GB
Initial GC threshold: 21.00 MB
Current GC threshold: 35.25 MB
CDS: on
MetaspaceReclaimPolicy: balanced
 - commit_granule_bytes: 65536.
 - commit_granule_words: 8192.
 - virtual_space_node_default_size: 8388608.
 - enlarge_chunks_in_place: 1.
 - new_chunks_are_fully_committed: 0.
 - uncommit_free_chunks: 1.
 - use_allocation_guard: 0.
 - handle_deallocations: 1.


Internal statistics:

num_allocs_failed_limit: 3.
num_arena_births: 468.
num_arena_deaths: 0.
num_vsnodes_births: 2.
num_vsnodes_deaths: 0.
num_space_committed: 474.
num_space_uncommitted: 0.
num_chunks_returned_to_freelist: 3.
num_chunks_taken_from_freelist: 1385.
num_chunk_merges: 3.
num_chunk_splits: 894.
num_chunks_enlarged: 611.
num_inconsistent_stats: 0.

CodeHeap 'non-profiled nmethods': size=120000Kb used=2686Kb max_used=2686Kb free=117313Kb
 bounds [0x000001a566670000, 0x000001a566910000, 0x000001a56dba0000]
CodeHeap 'profiled nmethods': size=120000Kb used=11857Kb max_used=11857Kb free=108142Kb
 bounds [0x000001a55eba0000, 0x000001a55f740000, 0x000001a5660d0000]
CodeHeap 'non-nmethods': size=5760Kb used=1277Kb max_used=1316Kb free=4482Kb
 bounds [0x000001a5660d0000, 0x000001a566340000, 0x000001a566670000]
 total_blobs=6264 nmethods=5670 adapters=506
 compilation: enabled
              stopped_count=0, restarted_count=0
 full_count=0

Compilation events (20 events):
Event: 717.774 Thread 0x000001a57389dd30 nmethod 5665 0x000001a55f727a10 code [0x000001a55f727bc0, 0x000001a55f727d98]
Event: 717.774 Thread 0x000001a57389dd30 5666       3       sun.util.calendar.BaseCalendar::getGregorianYearFromFixedDate (201 bytes)
Event: 717.775 Thread 0x000001a57389dd30 nmethod 5666 0x000001a55f727f10 code [0x000001a55f728160, 0x000001a55f728d88]
Event: 717.780 Thread 0x000001a57389dd30 5667       3       java.util.GregorianCalendar::computeTime (976 bytes)
Event: 717.782 Thread 0x000001a57387d800 5669       4       com.sun.org.apache.xerces.internal.impl.XMLDocumentFragmentScannerImpl::getPropertyDefault (36 bytes)
Event: 717.789 Thread 0x000001a57389dd30 nmethod 5667 0x000001a55f729390 code [0x000001a55f729b00, 0x000001a55f72e4c8]
Event: 717.789 Thread 0x000001a57389dd30 5668       3       com.sun.org.apache.xerces.internal.impl.XMLEntityScanner::skipString (107 bytes)
Event: 717.790 Thread 0x000001a57389dd30 nmethod 5668 0x000001a55f730110 code [0x000001a55f7302e0, 0x000001a55f730698]
Event: 717.790 Thread 0x000001a57389dd30 5672       3       com.sun.org.apache.xerces.internal.parsers.XIncludeAwareParserConfiguration::<init> (112 bytes)
Event: 717.791 Thread 0x000001a57389dd30 nmethod 5672 0x000001a55f730810 code [0x000001a55f730b40, 0x000001a55f732498]
Event: 717.791 Thread 0x000001a57389dd30 5673       3       com.sun.org.apache.xerces.internal.parsers.XML11Configuration::setDocumentHandler (46 bytes)
Event: 717.792 Thread 0x000001a57387d800 nmethod 5669 0x000001a56690f510 code [0x000001a56690f6a0, 0x000001a56690fab8]
Event: 717.792 Thread 0x000001a57387d800 5674       4       com.sun.org.apache.xerces.internal.impl.XMLNSDocumentScannerImpl::scanStartElement (1031 bytes)
Event: 717.792 Thread 0x000001a57389dd30 nmethod 5673 0x000001a55f732a10 code [0x000001a55f732bc0, 0x000001a55f732f38]
Event: 717.792 Thread 0x000001a57389dd30 5670       3       java.util.TreeMap$Values::iterator (19 bytes)
Event: 717.793 Thread 0x000001a57389dd30 nmethod 5670 0x000001a55f733010 code [0x000001a55f7331e0, 0x000001a55f7336f8]
Event: 717.793 Thread 0x000001a57389dd30 5671       3       java.util.TreeMap$ValueIterator::<init> (12 bytes)
Event: 717.793 Thread 0x000001a57389dd30 nmethod 5671 0x000001a55f733910 code [0x000001a55f733ac0, 0x000001a55f733dd8]
Event: 717.837 Thread 0x000001a57389dd30 5679       3       java.lang.reflect.Method::invoke (65 bytes)
Event: 717.837 Thread 0x000001a57389dd30 nmethod 5679 0x000001a55f733f10 code [0x000001a55f734100, 0x000001a55f734578]

GC Heap History (20 events):
Event: 0.719 GC heap before
{Heap before GC invocations=0 (full 0):
 garbage-first heap   total 98304K, used 13312K [0x00000000a1400000, 0x0000000100000000)
  region size 1024K, 13 young (13312K), 0 survivors (0K)
 Metaspace       used 3468K, committed 3648K, reserved 1114112K
  class space    used 363K, committed 448K, reserved 1048576K
}
Event: 0.731 GC heap after
{Heap after GC invocations=1 (full 0):
 garbage-first heap   total 98304K, used 7240K [0x00000000a1400000, 0x0000000100000000)
  region size 1024K, 2 young (2048K), 2 survivors (2048K)
 Metaspace       used 3468K, committed 3648K, reserved 1114112K
  class space    used 363K, committed 448K, reserved 1048576K
}
Event: 1.182 GC heap before
{Heap before GC invocations=1 (full 0):
 garbage-first heap   total 98304K, used 14408K [0x00000000a1400000, 0x0000000100000000)
  region size 1024K, 10 young (10240K), 2 survivors (2048K)
 Metaspace       used 6040K, committed 6208K, reserved 1114112K
  class space    used 658K, committed 768K, reserved 1048576K
}
Event: 1.188 GC heap after
{Heap after GC invocations=2 (full 0):
 garbage-first heap   total 98304K, used 8082K [0x00000000a1400000, 0x0000000100000000)
  region size 1024K, 1 young (1024K), 1 survivors (1024K)
 Metaspace       used 6040K, committed 6208K, reserved 1114112K
  class space    used 658K, committed 768K, reserved 1048576K
}
Event: 1.989 GC heap before
{Heap before GC invocations=2 (full 0):
 garbage-first heap   total 98304K, used 28562K [0x00000000a1400000, 0x0000000100000000)
  region size 1024K, 21 young (21504K), 1 survivors (1024K)
 Metaspace       used 9845K, committed 10112K, reserved 1114112K
  class space    used 1145K, committed 1280K, reserved 1048576K
}
Event: 1.998 GC heap after
{Heap after GC invocations=3 (full 0):
 garbage-first heap   total 98304K, used 9129K [0x00000000a1400000, 0x0000000100000000)
  region size 1024K, 2 young (2048K), 2 survivors (2048K)
 Metaspace       used 9845K, committed 10112K, reserved 1114112K
  class space    used 1145K, committed 1280K, reserved 1048576K
}
Event: 25.208 GC heap before
{Heap before GC invocations=3 (full 0):
 garbage-first heap   total 98304K, used 42921K [0x00000000a1400000, 0x0000000100000000)
  region size 1024K, 36 young (36864K), 2 survivors (2048K)
 Metaspace       used 21209K, committed 21504K, reserved 1114112K
  class space    used 2585K, committed 2752K, reserved 1048576K
}
Event: 25.223 GC heap after
{Heap after GC invocations=4 (full 0):
 garbage-first heap   total 98304K, used 12684K [0x00000000a1400000, 0x0000000100000000)
  region size 1024K, 6 young (6144K), 6 survivors (6144K)
 Metaspace       used 21209K, committed 21504K, reserved 1114112K
  class space    used 2585K, committed 2752K, reserved 1048576K
}
Event: 30.128 GC heap before
{Heap before GC invocations=5 (full 0):
 garbage-first heap   total 51200K, used 37260K [0x00000000a1400000, 0x0000000100000000)
  region size 1024K, 30 young (30720K), 6 survivors (6144K)
 Metaspace       used 24384K, committed 24768K, reserved 1114112K
  class space    used 3008K, committed 3200K, reserved 1048576K
}
Event: 30.143 GC heap after
{Heap after GC invocations=6 (full 0):
 garbage-first heap   total 61440K, used 13908K [0x00000000a1400000, 0x0000000100000000)
  region size 1024K, 2 young (2048K), 2 survivors (2048K)
 Metaspace       used 24384K, committed 24768K, reserved 1114112K
  class space    used 3008K, committed 3200K, reserved 1048576K
}
Event: 30.186 GC heap before
{Heap before GC invocations=6 (full 0):
 garbage-first heap   total 61440K, used 40532K [0x00000000a1400000, 0x0000000100000000)
  region size 1024K, 28 young (28672K), 2 survivors (2048K)
 Metaspace       used 24384K, committed 24768K, reserved 1114112K
  class space    used 3008K, committed 3200K, reserved 1048576K
}
Event: 30.190 GC heap after
{Heap after GC invocations=7 (full 0):
 garbage-first heap   total 61440K, used 14362K [0x00000000a1400000, 0x0000000100000000)
  region size 1024K, 2 young (2048K), 2 survivors (2048K)
 Metaspace       used 24384K, committed 24768K, reserved 1114112K
  class space    used 3008K, committed 3200K, reserved 1048576K
}
Event: 100.239 GC heap before
{Heap before GC invocations=7 (full 0):
 garbage-first heap   total 61440K, used 42010K [0x00000000a1400000, 0x0000000100000000)
  region size 1024K, 30 young (30720K), 2 survivors (2048K)
 Metaspace       used 27763K, committed 28160K, reserved 1114112K
  class space    used 3399K, committed 3584K, reserved 1048576K
}
Event: 100.247 GC heap after
{Heap after GC invocations=8 (full 0):
 garbage-first heap   total 61440K, used 15538K [0x00000000a1400000, 0x0000000100000000)
  region size 1024K, 3 young (3072K), 3 survivors (3072K)
 Metaspace       used 27763K, committed 28160K, reserved 1114112K
  class space    used 3399K, committed 3584K, reserved 1048576K
}
Event: 209.541 GC heap before
{Heap before GC invocations=8 (full 0):
 garbage-first heap   total 61440K, used 43186K [0x00000000a1400000, 0x0000000100000000)
  region size 1024K, 31 young (31744K), 3 survivors (3072K)
 Metaspace       used 28875K, committed 29248K, reserved 1114112K
  class space    used 3490K, committed 3712K, reserved 1048576K
}
Event: 209.551 GC heap after
{Heap after GC invocations=9 (full 0):
 garbage-first heap   total 61440K, used 16313K [0x00000000a1400000, 0x0000000100000000)
  region size 1024K, 3 young (3072K), 3 survivors (3072K)
 Metaspace       used 28875K, committed 29248K, reserved 1114112K
  class space    used 3490K, committed 3712K, reserved 1048576K
}
Event: 495.852 GC heap before
{Heap before GC invocations=9 (full 0):
 garbage-first heap   total 61440K, used 43961K [0x00000000a1400000, 0x0000000100000000)
  region size 1024K, 31 young (31744K), 3 survivors (3072K)
 Metaspace       used 29366K, committed 29760K, reserved 1114112K
  class space    used 3499K, committed 3712K, reserved 1048576K
}
Event: 495.862 GC heap after
{Heap after GC invocations=10 (full 0):
 garbage-first heap   total 61440K, used 17370K [0x00000000a1400000, 0x0000000100000000)
  region size 1024K, 2 young (2048K), 2 survivors (2048K)
 Metaspace       used 29366K, committed 29760K, reserved 1114112K
  class space    used 3499K, committed 3712K, reserved 1048576K
}
Event: 611.929 GC heap before
{Heap before GC invocations=10 (full 0):
 garbage-first heap   total 61440K, used 46042K [0x00000000a1400000, 0x0000000100000000)
  region size 1024K, 31 young (31744K), 2 survivors (2048K)
 Metaspace       used 29892K, committed 30272K, reserved 1114112K
  class space    used 3514K, committed 3712K, reserved 1048576K
}
Event: 611.936 GC heap after
{Heap after GC invocations=11 (full 0):
 garbage-first heap   total 61440K, used 17975K [0x00000000a1400000, 0x0000000100000000)
  region size 1024K, 3 young (3072K), 3 survivors (3072K)
 Metaspace       used 29892K, committed 30272K, reserved 1114112K
  class space    used 3514K, committed 3712K, reserved 1048576K
}

Deoptimization events (20 events):
Event: 355.202 Thread 0x000001a57873d090 DEOPT PACKING pc=0x000001a55f38aa5c sp=0x00000068ed2fddc0
Event: 355.202 Thread 0x000001a57873d090 DEOPT UNPACKING pc=0x000001a566122b43 sp=0x00000068ed2fd240 mode 0
Event: 363.430 Thread 0x000001a57873dab0 DEOPT PACKING pc=0x000001a55f38aa5c sp=0x00000068ed3fdb60
Event: 363.430 Thread 0x000001a57873dab0 DEOPT UNPACKING pc=0x000001a566122b43 sp=0x00000068ed3fcfe0 mode 0
Event: 439.486 Thread 0x000001a5572d4a30 Uncommon trap: trap_request=0xffffffde fr.pc=0x000001a56684797c relative=0x000000000000015c
Event: 439.486 Thread 0x000001a5572d4a30 Uncommon trap: reason=class_check action=maybe_recompile pc=0x000001a56684797c method=org.apache.xmlbeans.impl.store.CharUtil.isValid(Ljava/lang/Object;II)Z @ 64 c2
Event: 439.486 Thread 0x000001a5572d4a30 DEOPT PACKING pc=0x000001a56684797c sp=0x00000068e94fc860
Event: 439.486 Thread 0x000001a5572d4a30 DEOPT UNPACKING pc=0x000001a5661223a3 sp=0x00000068e94fc7f0 mode 2
Event: 612.041 Thread 0x000001a5785d1660 Uncommon trap: trap_request=0xffffff45 fr.pc=0x000001a5667be1c4 relative=0x00000000000002a4
Event: 612.042 Thread 0x000001a5785d1660 Uncommon trap: reason=unstable_if action=reinterpret pc=0x000001a5667be1c4 method=java.util.WeakHashMap.expungeStaleEntries()V @ 9 c2
Event: 612.042 Thread 0x000001a5785d1660 DEOPT PACKING pc=0x000001a5667be1c4 sp=0x00000068edefe100
Event: 612.042 Thread 0x000001a5785d1660 DEOPT UNPACKING pc=0x000001a5661223a3 sp=0x00000068edefe098 mode 2
Event: 717.785 Thread 0x000001a5572d4a30 Uncommon trap: trap_request=0xffffffde fr.pc=0x000001a56684797c relative=0x000000000000015c
Event: 717.785 Thread 0x000001a5572d4a30 Uncommon trap: reason=class_check action=maybe_recompile pc=0x000001a56684797c method=org.apache.xmlbeans.impl.store.CharUtil.isValid(Ljava/lang/Object;II)Z @ 64 c2
Event: 717.785 Thread 0x000001a5572d4a30 DEOPT PACKING pc=0x000001a56684797c sp=0x00000068e94fc9d0
Event: 717.785 Thread 0x000001a5572d4a30 DEOPT UNPACKING pc=0x000001a5661223a3 sp=0x00000068e94fc960 mode 2
Event: 717.785 Thread 0x000001a5572d4a30 Uncommon trap: trap_request=0xffffff6e fr.pc=0x000001a566906aac relative=0x0000000000004ecc
Event: 717.785 Thread 0x000001a5572d4a30 Uncommon trap: reason=loop_limit_check action=maybe_recompile pc=0x000001a566906aac method=com.sun.org.apache.xerces.internal.parsers.AbstractSAXParser.startElement(Lcom/sun/org/apache/xerces/internal/xni/QName;Lcom/sun/org/apache/xerces/internal/xni/XMLA
Event: 717.786 Thread 0x000001a5572d4a30 DEOPT PACKING pc=0x000001a566906aac sp=0x00000068e94fcef0
Event: 717.786 Thread 0x000001a5572d4a30 DEOPT UNPACKING pc=0x000001a5661223a3 sp=0x00000068e94fce40 mode 2

Classes unloaded (0 events):
No events

Classes redefined (0 events):
No events

Internal exceptions (20 events):
Event: 624.265 Thread 0x000001a573bffe60 Exception <a 'java/net/ConnectException'{0x00000000a4d12740}: Connection refused: no further information> (0x00000000a4d12740) 
thrown [s\open\src\hotspot\share\prims\jni.cpp, line 535]
Event: 624.265 Thread 0x000001a573bffe60 Exception <a 'java/net/SocketException'{0x00000000a4d12a78}: Socket is not connected: shutdown> (0x00000000a4d12a78) 
thrown [s\open\src\hotspot\share\prims\jni.cpp, line 535]
Event: 624.296 Thread 0x000001a573bffe60 Exception <a 'java/net/ConnectException'{0x00000000a4d13a50}: Connection refused: no further information> (0x00000000a4d13a50) 
thrown [s\open\src\hotspot\share\prims\jni.cpp, line 535]
Event: 624.296 Thread 0x000001a573bffe60 Exception <a 'java/net/SocketException'{0x00000000a4d13fe8}: Socket is not connected: shutdown> (0x00000000a4d13fe8) 
thrown [s\open\src\hotspot\share\prims\jni.cpp, line 535]
Event: 624.343 Thread 0x000001a573bffe60 Exception <a 'java/net/ConnectException'{0x00000000a4d14fc0}: Connection refused: no further information> (0x00000000a4d14fc0) 
thrown [s\open\src\hotspot\share\prims\jni.cpp, line 535]
Event: 624.343 Thread 0x000001a573bffe60 Exception <a 'java/net/SocketException'{0x00000000a4d152f8}: Socket is not connected: shutdown> (0x00000000a4d152f8) 
thrown [s\open\src\hotspot\share\prims\jni.cpp, line 535]
Event: 624.450 Thread 0x000001a573bffe60 Exception <a 'java/net/ConnectException'{0x00000000a4d162d0}: Connection refused: no further information> (0x00000000a4d162d0) 
thrown [s\open\src\hotspot\share\prims\jni.cpp, line 535]
Event: 624.450 Thread 0x000001a573bffe60 Exception <a 'java/net/SocketException'{0x00000000a4d16608}: Socket is not connected: shutdown> (0x00000000a4d16608) 
thrown [s\open\src\hotspot\share\prims\jni.cpp, line 535]
Event: 624.621 Thread 0x000001a573bffe60 Exception <a 'java/net/ConnectException'{0x00000000a4d175e0}: Connection refused: no further information> (0x00000000a4d175e0) 
thrown [s\open\src\hotspot\share\prims\jni.cpp, line 535]
Event: 624.621 Thread 0x000001a573bffe60 Exception <a 'java/net/SocketException'{0x00000000a4d17b68}: Socket is not connected: shutdown> (0x00000000a4d17b68) 
thrown [s\open\src\hotspot\share\prims\jni.cpp, line 535]
Event: 676.214 Thread 0x000001a5572d4a30 Exception <a 'java/net/SocketException'{0x00000000a477eb20}: Socket is not connected: shutdown> (0x00000000a477eb20) 
thrown [s\open\src\hotspot\share\prims\jni.cpp, line 535]
Event: 676.214 Thread 0x000001a5572d4a30 Exception <a 'java/net/SocketException'{0x00000000a477f388}: Socket is not connected: shutdown> (0x00000000a477f388) 
thrown [s\open\src\hotspot\share\prims\jni.cpp, line 535]
Event: 681.468 Thread 0x000001a573bffe60 Exception <a 'java/net/ConnectException'{0x00000000a460a8e8}: Connection refused: no further information> (0x00000000a460a8e8) 
thrown [s\open\src\hotspot\share\prims\jni.cpp, line 535]
Event: 681.468 Thread 0x000001a573bffe60 Exception <a 'java/net/SocketException'{0x00000000a460ac20}: Socket is not connected: shutdown> (0x00000000a460ac20) 
thrown [s\open\src\hotspot\share\prims\jni.cpp, line 535]
Event: 681.483 Thread 0x000001a573bffe60 Exception <a 'java/net/ConnectException'{0x00000000a460bbf8}: Connection refused: no further information> (0x00000000a460bbf8) 
thrown [s\open\src\hotspot\share\prims\jni.cpp, line 535]
Event: 681.483 Thread 0x000001a573bffe60 Exception <a 'java/net/SocketException'{0x00000000a460bf30}: Socket is not connected: shutdown> (0x00000000a460bf30) 
thrown [s\open\src\hotspot\share\prims\jni.cpp, line 535]
Event: 681.514 Thread 0x000001a573bffe60 Exception <a 'java/net/ConnectException'{0x00000000a460cf08}: Connection refused: no further information> (0x00000000a460cf08) 
thrown [s\open\src\hotspot\share\prims\jni.cpp, line 535]
Event: 681.514 Thread 0x000001a573bffe60 Exception <a 'java/net/SocketException'{0x00000000a460d240}: Socket is not connected: shutdown> (0x00000000a460d240) 
thrown [s\open\src\hotspot\share\prims\jni.cpp, line 535]
Event: 681.560 Thread 0x000001a573bffe60 Exception <a 'java/net/ConnectException'{0x00000000a460e4a8}: Connection refused: no further information> (0x00000000a460e4a8) 
thrown [s\open\src\hotspot\share\prims\jni.cpp, line 535]
Event: 681.560 Thread 0x000001a573bffe60 Exception <a 'java/net/SocketException'{0x00000000a460e7e0}: Socket is not connected: shutdown> (0x00000000a460e7e0) 
thrown [s\open\src\hotspot\share\prims\jni.cpp, line 535]

VM Operations (20 events):
Event: 615.973 Executing VM operation: Cleanup
Event: 615.973 Executing VM operation: Cleanup done
Event: 618.987 Executing VM operation: Cleanup
Event: 618.987 Executing VM operation: Cleanup done
Event: 625.039 Executing VM operation: Cleanup
Event: 625.039 Executing VM operation: Cleanup done
Event: 638.151 Executing VM operation: Cleanup
Event: 638.152 Executing VM operation: Cleanup done
Event: 661.092 Executing VM operation: HandshakeAllThreads
Event: 661.092 Executing VM operation: HandshakeAllThreads done
Event: 664.107 Executing VM operation: Cleanup
Event: 664.107 Executing VM operation: Cleanup done
Event: 676.216 Executing VM operation: Cleanup
Event: 676.216 Executing VM operation: Cleanup done
Event: 682.254 Executing VM operation: Cleanup
Event: 682.254 Executing VM operation: Cleanup done
Event: 694.345 Executing VM operation: Cleanup
Event: 694.345 Executing VM operation: Cleanup done
Event: 696.361 Executing VM operation: Cleanup
Event: 696.361 Executing VM operation: Cleanup done

Events (20 events):
Event: 678.881 Thread 0x000001a5785d1b70 Thread exited: 0x000001a5785d1b70
Event: 678.896 Thread 0x000001a5785cd490 Thread exited: 0x000001a5785cd490
Event: 678.896 Thread 0x000001a5785d1660 Thread exited: 0x000001a5785d1660
Event: 681.449 Thread 0x000001a5785cca70 Thread exited: 0x000001a5785cca70
Event: 681.458 Thread 0x000001a5785cca70 Thread added: 0x000001a5785cca70
Event: 681.466 Thread 0x000001a5785cf800 Thread added: 0x000001a5785cf800
Event: 681.466 Thread 0x000001a5785cd490 Thread added: 0x000001a5785cd490
Event: 681.466 Thread 0x000001a5785d1b70 Thread added: 0x000001a5785d1b70
Event: 681.654 Thread 0x000001a5785d0220 Thread added: 0x000001a5785d0220
Event: 681.656 Thread 0x000001a5785cdeb0 Thread added: 0x000001a5785cdeb0
Event: 681.658 Thread 0x000001a5785d1660 Thread added: 0x000001a5785d1660
Event: 681.658 Thread 0x000001a5785cac10 Thread added: 0x000001a5785cac10
Event: 686.669 Thread 0x000001a5785d0220 Thread exited: 0x000001a5785d0220
Event: 695.368 Thread 0x000001a5785ce3c0 Thread added: 0x000001a5785ce3c0
Event: 695.369 Thread 0x000001a5785d0220 Thread added: 0x000001a5785d0220
Event: 695.371 Thread 0x000001a573c00880 Thread added: 0x000001a573c00880
Event: 695.372 Thread 0x000001a573bfef30 Thread added: 0x000001a573bfef30
Event: 698.022 Thread 0x000001a5785cb120 Thread exited: 0x000001a5785cb120
Event: 698.022 Thread 0x000001a5785cede0 Thread exited: 0x000001a5785cede0
Event: 698.022 Thread 0x000001a5785cf2f0 Thread exited: 0x000001a5785cf2f0


Dynamic libraries:
0x00007ff7d94f0000 - 0x00007ff7d9500000 	C:\Program Files (x86)\jdk-17.0.12\bin\java.exe
0x00007ff8b3c30000 - 0x00007ff8b3e28000 	C:\Windows\SYSTEM32\ntdll.dll
0x00007ff8b38b0000 - 0x00007ff8b3972000 	C:\Windows\System32\KERNEL32.DLL
0x00007ff8b17a0000 - 0x00007ff8b1a9f000 	C:\Windows\System32\KERNELBASE.dll
0x00007ff8b13a0000 - 0x00007ff8b14a0000 	C:\Windows\System32\ucrtbase.dll
0x00007ff8981c0000 - 0x00007ff8981db000 	C:\Program Files (x86)\jdk-17.0.12\bin\VCRUNTIME140.dll
0x00007ff898050000 - 0x00007ff898069000 	C:\Program Files (x86)\jdk-17.0.12\bin\jli.dll
0x00007ff8b1e60000 - 0x00007ff8b1f0f000 	C:\Windows\System32\ADVAPI32.dll
0x00007ff8b3810000 - 0x00007ff8b38ae000 	C:\Windows\System32\msvcrt.dll
0x00007ff8b33e0000 - 0x00007ff8b347f000 	C:\Windows\System32\sechost.dll
0x00007ff8b3480000 - 0x00007ff8b35a3000 	C:\Windows\System32\RPCRT4.dll
0x00007ff8b12d0000 - 0x00007ff8b12f7000 	C:\Windows\System32\bcrypt.dll
0x00007ff8b2540000 - 0x00007ff8b26dd000 	C:\Windows\System32\USER32.dll
0x00007ff8a3ee0000 - 0x00007ff8a417a000 	C:\Windows\WinSxS\amd64_microsoft.windows.common-controls_6595b64144ccf1df_6.0.19041.4355_none_60b8b9eb71f62e16\COMCTL32.dll
0x00007ff8b1770000 - 0x00007ff8b1792000 	C:\Windows\System32\win32u.dll
0x00007ff8b35b0000 - 0x00007ff8b35db000 	C:\Windows\System32\GDI32.dll
0x00007ff8b1650000 - 0x00007ff8b176a000 	C:\Windows\System32\gdi32full.dll
0x00007ff8b1300000 - 0x00007ff8b139d000 	C:\Windows\System32\msvcp_win.dll
0x00007ff8a3c30000 - 0x00007ff8a3c3a000 	C:\Windows\SYSTEM32\VERSION.dll
0x00007ff8b1f70000 - 0x00007ff8b1f9f000 	C:\Windows\System32\IMM32.DLL
0x00007ff897ed0000 - 0x00007ff897edc000 	C:\Program Files (x86)\jdk-17.0.12\bin\vcruntime140_1.dll
0x00007ff897e40000 - 0x00007ff897ece000 	C:\Program Files (x86)\jdk-17.0.12\bin\msvcp140.dll
0x00007ff897220000 - 0x00007ff897e00000 	C:\Program Files (x86)\jdk-17.0.12\bin\server\jvm.dll
0x00007ff8b3980000 - 0x00007ff8b3988000 	C:\Windows\System32\PSAPI.DLL
0x00007ff8a3880000 - 0x00007ff8a38a7000 	C:\Windows\SYSTEM32\WINMM.dll
0x00007ff8af220000 - 0x00007ff8af229000 	C:\Windows\SYSTEM32\WSOCK32.dll
0x00007ff8b3010000 - 0x00007ff8b307b000 	C:\Windows\System32\WS2_32.dll
0x00007ff8afaf0000 - 0x00007ff8afb02000 	C:\Windows\SYSTEM32\kernel.appcore.dll
0x00007ff8971e0000 - 0x00007ff8971ea000 	C:\Program Files (x86)\jdk-17.0.12\bin\jimage.dll
0x00007ff8af010000 - 0x00007ff8af1f4000 	C:\Windows\SYSTEM32\DBGHELP.DLL
0x00007ff8971a0000 - 0x00007ff8971d4000 	C:\Windows\SYSTEM32\dbgcore.DLL
0x00007ff8b1aa0000 - 0x00007ff8b1b22000 	C:\Windows\System32\bcryptPrimitives.dll
0x00007ff897170000 - 0x00007ff897195000 	C:\Program Files (x86)\jdk-17.0.12\bin\java.dll
0x00007ff896ee0000 - 0x00007ff896fb7000 	C:\Program Files (x86)\jdk-17.0.12\bin\jsvml.dll
0x00007ff8b2770000 - 0x00007ff8b2edd000 	C:\Windows\System32\SHELL32.dll
0x00007ff8af230000 - 0x00007ff8af9d4000 	C:\Windows\SYSTEM32\windows.storage.dll
0x00007ff8b3080000 - 0x00007ff8b33d5000 	C:\Windows\System32\combase.dll
0x00007ff8b0c30000 - 0x00007ff8b0c5f000 	C:\Windows\SYSTEM32\Wldp.dll
0x00007ff8b2f40000 - 0x00007ff8b300d000 	C:\Windows\System32\OLEAUT32.dll
0x00007ff8b3a90000 - 0x00007ff8b3b3d000 	C:\Windows\System32\SHCORE.dll
0x00007ff8b1e00000 - 0x00007ff8b1e55000 	C:\Windows\System32\shlwapi.dll
0x00007ff8b1200000 - 0x00007ff8b1224000 	C:\Windows\SYSTEM32\profapi.dll
0x00007ff8967d0000 - 0x00007ff8967e9000 	C:\Program Files (x86)\jdk-17.0.12\bin\net.dll
0x00007ff8a8410000 - 0x00007ff8a851a000 	C:\Windows\SYSTEM32\WINHTTP.dll
0x00007ff8b0990000 - 0x00007ff8b09fc000 	C:\Windows\system32\mswsock.dll
0x00007ff896730000 - 0x00007ff896746000 	C:\Program Files (x86)\jdk-17.0.12\bin\nio.dll
0x00007ff896710000 - 0x00007ff896728000 	C:\Program Files (x86)\jdk-17.0.12\bin\zip.dll
0x00007ff8ab870000 - 0x00007ff8ab87a000 	C:\Program Files (x86)\jdk-17.0.12\bin\management.dll
0x00007ff8ab810000 - 0x00007ff8ab81b000 	C:\Program Files (x86)\jdk-17.0.12\bin\management_ext.dll
0x00007ff8adc10000 - 0x00007ff8adc20000 	C:\Program Files (x86)\jdk-17.0.12\bin\verify.dll
0x00007ff8b0b80000 - 0x00007ff8b0b98000 	C:\Windows\SYSTEM32\CRYPTSP.dll
0x00007ff8b02b0000 - 0x00007ff8b02e4000 	C:\Windows\system32\rsaenh.dll
0x00007ff8b11c0000 - 0x00007ff8b11ee000 	C:\Windows\SYSTEM32\USERENV.dll
0x00007ff8b0ba0000 - 0x00007ff8b0bac000 	C:\Windows\SYSTEM32\CRYPTBASE.dll
0x00007ff8b0670000 - 0x00007ff8b06ab000 	C:\Windows\SYSTEM32\IPHLPAPI.DLL
0x00007ff8b3800000 - 0x00007ff8b3808000 	C:\Windows\System32\NSI.dll
0x00007ff8a9530000 - 0x00007ff8a9547000 	C:\Windows\SYSTEM32\dhcpcsvc6.DLL
0x00007ff8a9320000 - 0x00007ff8a933d000 	C:\Windows\SYSTEM32\dhcpcsvc.DLL
0x00007ff8b06b0000 - 0x00007ff8b077a000 	C:\Windows\SYSTEM32\DNSAPI.dll
0x00007ff8a2a20000 - 0x00007ff8a2a2a000 	C:\Windows\System32\rasadhlp.dll
0x00007ff8a2b00000 - 0x00007ff8a2b80000 	C:\Windows\System32\fwpuclnt.dll
0x00007ff8adc00000 - 0x00007ff8adc0e000 	C:\Program Files (x86)\jdk-17.0.12\bin\sunmscapi.dll
0x00007ff8b14f0000 - 0x00007ff8b164c000 	C:\Windows\System32\CRYPT32.dll
0x00007ff8b0ca0000 - 0x00007ff8b0cc7000 	C:\Windows\SYSTEM32\ncrypt.dll
0x00007ff8b0c60000 - 0x00007ff8b0c9b000 	C:\Windows\SYSTEM32\NTASN1.dll
0x00007ff8ab880000 - 0x00007ff8ab887000 	C:\Windows\system32\wshunix.dll

dbghelp: loaded successfully - version: 4.0.5 - missing functions: none
symbol engine: initialized successfully - sym options: 0x614 - pdb path: .;C:\Program Files (x86)\jdk-17.0.12\bin;C:\Windows\SYSTEM32;C:\Windows\WinSxS\amd64_microsoft.windows.common-controls_6595b64144ccf1df_6.0.19041.4355_none_60b8b9eb71f62e16;C:\Program Files (x86)\jdk-17.0.12\bin\server

VM Arguments:
java_command: C:\Users\GOPIKA\AppData\Local\Temp\surefire12648634148451740771\surefirebooter3612947354144763451.jar C:\Users\GOPIKA\AppData\Local\Temp\surefire12648634148451740771 2025-02-19T23-21-06_842-jvmRun1 surefire822815229178382703tmp surefire_08847527351085723326tmp
java_class_path (initial): C:\Users\GOPIKA\AppData\Local\Temp\surefire12648634148451740771\surefirebooter3612947354144763451.jar
Launcher Type: SUN_STANDARD

[Global flags]
     intx CICompilerCount                          = 3                                         {product} {ergonomic}
     uint ConcGCThreads                            = 1                                         {product} {ergonomic}
     uint G1ConcRefinementThreads                  = 4                                         {product} {ergonomic}
   size_t G1HeapRegionSize                         = 1048576                                   {product} {ergonomic}
    uintx GCDrainStackTargetSize                   = 64                                        {product} {ergonomic}
   size_t InitialHeapSize                          = 100663296                                 {product} {ergonomic}
   size_t MarkStackSize                            = 4194304                                   {product} {ergonomic}
   size_t MaxHeapSize                              = 1589641216                                {product} {ergonomic}
   size_t MaxNewSize                               = 953155584                                 {product} {ergonomic}
   size_t MinHeapDeltaBytes                        = 1048576                                   {product} {ergonomic}
   size_t MinHeapSize                              = 8388608                                   {product} {ergonomic}
    uintx NonNMethodCodeHeapSize                   = 5832780                                {pd product} {ergonomic}
    uintx NonProfiledCodeHeapSize                  = 122912730                              {pd product} {ergonomic}
    uintx ProfiledCodeHeapSize                     = 122912730                              {pd product} {ergonomic}
    uintx ReservedCodeCacheSize                    = 251658240                              {pd product} {ergonomic}
     bool SegmentedCodeCache                       = true                                      {product} {ergonomic}
   size_t SoftMaxHeapSize                          = 1589641216                             {manageable} {ergonomic}
     bool UseCompressedClassPointers               = true                           {product lp64_product} {ergonomic}
     bool UseCompressedOops                        = true                           {product lp64_product} {ergonomic}
     bool UseG1GC                                  = true                                      {product} {ergonomic}
     bool UseLargePagesIndividualAllocation        = false                                  {pd product} {ergonomic}

Logging:
Log output configuration:
 #0: stdout all=warning uptime,level,tags
 #1: stderr all=off uptime,level,tags

Environment Variables:
JAVA_HOME=C:\Program Files (x86)\jdk-17.0.12
PATH=C:/Users/GOPIKA/.p2/pool/plugins/org.eclipse.justj.openjdk.hotspot.jre.full.win32.x86_64_23.0.0.v20240919-1706/jre/bin/server;C:/Users/GOPIKA/.p2/pool/plugins/org.eclipse.justj.openjdk.hotspot.jre.full.win32.x86_64_23.0.0.v20240919-1706/jre/bin;C:\Program Files\Broadcom\Broadcom 802.11 Network Adapter;C:\Windows\system32;C:\Windows;C:\Windows\System32\Wbem;C:\Windows\System32\WindowsPowerShell\v1.0\;C:\Windows\System32\OpenSSH\;C:\Program Files (x86)\jdk-17.0.12\bin;C:\Program Files\apache-maven-3.9.9\bin;C:\Program Files\Git\cmd;C:\Users\GOPIKA\AppData\Local\Microsoft\WindowsApps;;C:\Users\GOPIKA\Desktop;
USERNAME=GOPIKA
OS=Windows_NT
PROCESSOR_IDENTIFIER=Intel64 Family 6 Model 61 Stepping 4, GenuineIntel



---------------  S Y S T E M  ---------------

OS:
 Windows 10 , 64 bit Build 19041 (10.0.19041.5438)
OS uptime: 4 days 3:09 hours

CPU: total 4 (initial active 4) (2 cores per cpu, 2 threads per core) family 6 model 61 stepping 4 microcode 0x2d, cx8, cmov, fxsr, ht, mmx, 3dnowpref, sse, sse2, sse3, ssse3, sse4.1, sse4.2, popcnt, lzcnt, tsc, tscinvbit, avx, avx2, aes, erms, clmul, bmi1, bmi2, adx, fma, vzeroupper, clflush

Memory: 4k page, system-wide physical 6059M (145M free)
TotalPageFile size 15559M (AvailPageFile size 31M)
current process WorkingSet (physical memory assigned to process): 124M, peak: 173M
current process commit charge ("private bytes"): 200M, peak: 220M

vm_info: Java HotSpot(TM) 64-Bit Server VM (17.0.12+8-LTS-286) for windows-amd64 JRE (17.0.12+8-LTS-286), built on Jun  5 2024 06:46:59 by "mach5one" with MS VC++ 17.6 (VS2022)

END.
